  [1m[35m (5.1ms)[0m  [1m[35mDROP TABLE IF EXISTS "hyperloop_connections"[0m
  [1m[35m (0.1ms)[0m  [1m[34mSELECT sqlite_version(*)[0m
  [1m[35m (6.6ms)[0m  [1m[35mCREATE TABLE "hyperloop_connections" ("id" INTEGER PRIMARY KEY AUTOINCREMENT NOT NULL, "channel" varchar, "session" varchar, "created_at" datetime, "expires_at" datetime, "refresh_at" datetime)[0m
  [1m[35m (3.4ms)[0m  [1m[35mDROP TABLE IF EXISTS "hyperloop_queued_messages"[0m
  [1m[35m (7.8ms)[0m  [1m[35mCREATE TABLE "hyperloop_queued_messages" ("id" INTEGER PRIMARY KEY AUTOINCREMENT NOT NULL, "data" text, "connection_id" integer)[0m
Started GET "/" for 127.0.0.1 at 2017-06-18 09:08:17 -0700
  [1m[35m (0.1ms)[0m  [1m[34mSELECT "schema_migrations"."version" FROM "schema_migrations" ORDER BY "schema_migrations"."version" ASC[0m
Processing by HyperloopController#app as HTML
  Rendering inline template within layouts/application
  Rendered inline template within layouts/application (328.4ms)
Completed 500 Internal Server Error in 376ms (ActiveRecord: 0.0ms)


  
SyntaxError (An error occurred while compiling: components/navbar

parse error on value ":" (tCOLON) :components/navbar:61
Source: components/navbar:61:21
    valve_class = {0: "btn-primary", 1: 'btn-success'}
~~~~~~~~~~~~~~~~~~~~^):
  
An error occurred while compiling: components/navbar

parse error on value ":" (tCOLON) :components/navbar:61
Source: components/navbar:61:21
    valve_class = {0: "btn-primary", 1: 'btn-success'}
~~~~~~~~~~~~~~~~~~~~^
opal (0.10.4) lib/opal/parser.rb:82:in `on_error'
/home/kenb/.rvm/rubies/ruby-2.4.0/lib/ruby/2.4.0/racc/parser.rb:259:in `_racc_do_parse_c'
/home/kenb/.rvm/rubies/ruby-2.4.0/lib/ruby/2.4.0/racc/parser.rb:259:in `do_parse'
opal (0.10.4) lib/opal/parser.rb:54:in `parse_to_sexp'
opal (0.10.4) lib/opal/parser.rb:39:in `parse'
opal (0.10.4) lib/opal/compiler.rb:152:in `compile'
opal (0.10.4) lib/opal/sprockets/processor.rb:46:in `evaluate'
tilt (2.0.7) lib/tilt/template.rb:109:in `render'
sprockets (3.7.1) lib/sprockets/legacy_tilt_processor.rb:25:in `call'
sprockets (3.7.1) lib/sprockets/processor_utils.rb:75:in `call_processor'
sprockets (3.7.1) lib/sprockets/processor_utils.rb:57:in `block in call_processors'
sprockets (3.7.1) lib/sprockets/processor_utils.rb:56:in `reverse_each'
sprockets (3.7.1) lib/sprockets/processor_utils.rb:56:in `call_processors'
sprockets (3.7.1) lib/sprockets/loader.rb:134:in `load_from_unloaded'
sprockets (3.7.1) lib/sprockets/loader.rb:60:in `block in load'
sprockets (3.7.1) lib/sprockets/loader.rb:317:in `fetch_asset_from_dependency_cache'
sprockets (3.7.1) lib/sprockets/loader.rb:44:in `load'
sprockets (3.7.1) lib/sprockets/cached_environment.rb:20:in `block in initialize'
sprockets (3.7.1) lib/sprockets/cached_environment.rb:47:in `load'
sprockets (3.7.1) lib/sprockets/bundle.rb:23:in `block in call'
sprockets (3.7.1) lib/sprockets/utils.rb:200:in `dfs'
sprockets (3.7.1) lib/sprockets/bundle.rb:24:in `call'
sprockets (3.7.1) lib/sprockets/processor_utils.rb:75:in `call_processor'
sprockets (3.7.1) lib/sprockets/processor_utils.rb:57:in `block in call_processors'
sprockets (3.7.1) lib/sprockets/processor_utils.rb:56:in `reverse_each'
sprockets (3.7.1) lib/sprockets/processor_utils.rb:56:in `call_processors'
sprockets (3.7.1) lib/sprockets/loader.rb:134:in `load_from_unloaded'
sprockets (3.7.1) lib/sprockets/loader.rb:60:in `block in load'
sprockets (3.7.1) lib/sprockets/loader.rb:317:in `fetch_asset_from_dependency_cache'
sprockets (3.7.1) lib/sprockets/loader.rb:44:in `load'
sprockets (3.7.1) lib/sprockets/cached_environment.rb:20:in `block in initialize'
sprockets (3.7.1) lib/sprockets/cached_environment.rb:47:in `load'
sprockets (3.7.1) lib/sprockets/base.rb:66:in `find_asset'
sprockets (3.7.1) lib/sprockets/environment.rb:30:in `find_asset'
sprockets (3.7.1) lib/sprockets/base.rb:92:in `[]'
react-rails (1.9.0) lib/react/server_rendering/environment_container.rb:14:in `find_asset'
react-rails (1.9.0) lib/react/server_rendering/sprockets_renderer.rb:23:in `block in initialize'
react-rails (1.9.0) lib/react/server_rendering/sprockets_renderer.rb:22:in `each'
react-rails (1.9.0) lib/react/server_rendering/sprockets_renderer.rb:22:in `initialize'
hyper-react (0.12.7) lib/reactive-ruby/server_rendering/contextual_renderer.rb:14:in `initialize'
react-rails (1.9.0) lib/react/server_rendering.rb:22:in `new'
react-rails (1.9.0) lib/react/server_rendering.rb:22:in `create_renderer'
react-rails (1.9.0) lib/react/server_rendering.rb:12:in `block in reset_pool'
connection_pool (2.2.1) lib/connection_pool/timed_stack.rb:170:in `try_create'
connection_pool (2.2.1) lib/connection_pool/timed_stack.rb:82:in `block (2 levels) in pop'
connection_pool (2.2.1) lib/connection_pool/timed_stack.rb:78:in `loop'
connection_pool (2.2.1) lib/connection_pool/timed_stack.rb:78:in `block in pop'
connection_pool (2.2.1) lib/connection_pool/timed_stack.rb:77:in `synchronize'
connection_pool (2.2.1) lib/connection_pool/timed_stack.rb:77:in `pop'
connection_pool (2.2.1) lib/connection_pool.rb:89:in `checkout'
connection_pool (2.2.1) lib/connection_pool.rb:61:in `block in with'
connection_pool (2.2.1) lib/connection_pool.rb:60:in `handle_interrupt'
connection_pool (2.2.1) lib/connection_pool.rb:60:in `with'
react-rails (1.9.0) lib/react/server_rendering.rb:16:in `render'
react-rails (1.9.0) lib/react/rails/component_mount.rb:33:in `block in react_component'
actionview (5.1.1) lib/action_view/helpers/capture_helper.rb:39:in `block in capture'
actionview (5.1.1) lib/action_view/helpers/capture_helper.rb:203:in `with_output_buffer'
actionview (5.1.1) lib/action_view/helpers/capture_helper.rb:39:in `capture'
actionview (5.1.1) lib/action_view/helpers/tag_helper.rb:272:in `content_tag'
react-rails (1.9.0) lib/react/rails/component_mount.rb:48:in `react_component'
hyper-react (0.12.7) lib/reactive-ruby/rails/component_mount.rb:13:in `react_component'
react-rails (1.9.0) lib/react/rails/view_helper.rb:21:in `react_component'
inline template:1:in `_inline_template__3387765963743631268_103778280'
actionview (5.1.1) lib/action_view/template.rb:157:in `block in render'
activesupport (5.1.1) lib/active_support/notifications.rb:168:in `instrument'
actionview (5.1.1) lib/action_view/template.rb:352:in `instrument_render_template'
actionview (5.1.1) lib/action_view/template.rb:155:in `render'
actionview (5.1.1) lib/action_view/renderer/template_renderer.rb:52:in `block (2 levels) in render_template'
actionview (5.1.1) lib/action_view/renderer/abstract_renderer.rb:42:in `block in instrument'
activesupport (5.1.1) lib/active_support/notifications.rb:166:in `block in instrument'
activesupport (5.1.1) lib/active_support/notifications/instrumenter.rb:21:in `instrument'
activesupport (5.1.1) lib/active_support/notifications.rb:166:in `instrument'
actionview (5.1.1) lib/action_view/renderer/abstract_renderer.rb:41:in `instrument'
actionview (5.1.1) lib/action_view/renderer/template_renderer.rb:51:in `block in render_template'
actionview (5.1.1) lib/action_view/renderer/template_renderer.rb:59:in `render_with_layout'
actionview (5.1.1) lib/action_view/renderer/template_renderer.rb:50:in `render_template'
actionview (5.1.1) lib/action_view/renderer/template_renderer.rb:14:in `render'
actionview (5.1.1) lib/action_view/renderer/renderer.rb:42:in `render_template'
actionview (5.1.1) lib/action_view/renderer/renderer.rb:23:in `render'
actionview (5.1.1) lib/action_view/rendering.rb:103:in `_render_template'
actionpack (5.1.1) lib/action_controller/metal/streaming.rb:217:in `_render_template'
actionview (5.1.1) lib/action_view/rendering.rb:83:in `render_to_body'
actionpack (5.1.1) lib/action_controller/metal/rendering.rb:52:in `render_to_body'
actionpack (5.1.1) lib/action_controller/metal/renderers.rb:141:in `render_to_body'
actionpack (5.1.1) lib/abstract_controller/rendering.rb:24:in `render'
actionpack (5.1.1) lib/action_controller/metal/rendering.rb:36:in `render'
actionpack (5.1.1) lib/action_controller/metal/instrumentation.rb:44:in `block (2 levels) in render'
activesupport (5.1.1) lib/active_support/core_ext/benchmark.rb:12:in `block in ms'
/home/kenb/.rvm/rubies/ruby-2.4.0/lib/ruby/2.4.0/benchmark.rb:308:in `realtime'
activesupport (5.1.1) lib/active_support/core_ext/benchmark.rb:12:in `ms'
actionpack (5.1.1) lib/action_controller/metal/instrumentation.rb:44:in `block in render'
actionpack (5.1.1) lib/action_controller/metal/instrumentation.rb:87:in `cleanup_view_runtime'
activerecord (5.1.1) lib/active_record/railties/controller_runtime.rb:29:in `cleanup_view_runtime'
actionpack (5.1.1) lib/action_controller/metal/instrumentation.rb:43:in `render'
hyper-react (0.12.7) lib/reactive-ruby/rails/controller_helper.rb:10:in `render_component'
hyper-react (0.12.7) lib/reactive-ruby/rails/railtie.rb:27:in `action_missing'
actionpack (5.1.1) lib/abstract_controller/base.rb:200:in `_handle_action_missing'
actionpack (5.1.1) lib/action_controller/metal/basic_implicit_render.rb:4:in `send_action'
actionpack (5.1.1) lib/abstract_controller/base.rb:186:in `process_action'
actionpack (5.1.1) lib/action_controller/metal/rendering.rb:30:in `process_action'
actionpack (5.1.1) lib/abstract_controller/callbacks.rb:20:in `block in process_action'
activesupport (5.1.1) lib/active_support/callbacks.rb:131:in `run_callbacks'
actionpack (5.1.1) lib/abstract_controller/callbacks.rb:19:in `process_action'
actionpack (5.1.1) lib/action_controller/metal/rescue.rb:20:in `process_action'
actionpack (5.1.1) lib/action_controller/metal/instrumentation.rb:32:in `block in process_action'
activesupport (5.1.1) lib/active_support/notifications.rb:166:in `block in instrument'
activesupport (5.1.1) lib/active_support/notifications/instrumenter.rb:21:in `instrument'
activesupport (5.1.1) lib/active_support/notifications.rb:166:in `instrument'
actionpack (5.1.1) lib/action_controller/metal/instrumentation.rb:30:in `process_action'
actionpack (5.1.1) lib/action_controller/metal/params_wrapper.rb:252:in `process_action'
activerecord (5.1.1) lib/active_record/railties/controller_runtime.rb:22:in `process_action'
actionpack (5.1.1) lib/abstract_controller/base.rb:124:in `process'
actionview (5.1.1) lib/action_view/rendering.rb:30:in `process'
actionpack (5.1.1) lib/action_controller/metal.rb:189:in `dispatch'
actionpack (5.1.1) lib/action_controller/metal.rb:253:in `dispatch'
actionpack (5.1.1) lib/action_dispatch/routing/route_set.rb:49:in `dispatch'
actionpack (5.1.1) lib/action_dispatch/routing/route_set.rb:31:in `serve'
actionpack (5.1.1) lib/action_dispatch/journey/router.rb:46:in `block in serve'
actionpack (5.1.1) lib/action_dispatch/journey/router.rb:33:in `each'
actionpack (5.1.1) lib/action_dispatch/journey/router.rb:33:in `serve'
actionpack (5.1.1) lib/action_dispatch/routing/route_set.rb:832:in `call'
actionpack (5.1.1) lib/action_dispatch/middleware/static.rb:125:in `call'
rack (2.0.3) lib/rack/etag.rb:25:in `call'
rack (2.0.3) lib/rack/conditional_get.rb:25:in `call'
rack (2.0.3) lib/rack/head.rb:12:in `call'
rack (2.0.3) lib/rack/session/abstract/id.rb:232:in `context'
rack (2.0.3) lib/rack/session/abstract/id.rb:226:in `call'
actionpack (5.1.1) lib/action_dispatch/middleware/cookies.rb:613:in `call'
activerecord (5.1.1) lib/active_record/migration.rb:556:in `call'
actionpack (5.1.1) lib/action_dispatch/middleware/callbacks.rb:26:in `block in call'
activesupport (5.1.1) lib/active_support/callbacks.rb:97:in `run_callbacks'
actionpack (5.1.1) lib/action_dispatch/middleware/callbacks.rb:24:in `call'
actionpack (5.1.1) lib/action_dispatch/middleware/executor.rb:12:in `call'
actionpack (5.1.1) lib/action_dispatch/middleware/debug_exceptions.rb:59:in `call'
web-console (3.5.1) lib/web_console/middleware.rb:135:in `call_app'
web-console (3.5.1) lib/web_console/middleware.rb:28:in `block in call'
web-console (3.5.1) lib/web_console/middleware.rb:18:in `catch'
web-console (3.5.1) lib/web_console/middleware.rb:18:in `call'
actionpack (5.1.1) lib/action_dispatch/middleware/show_exceptions.rb:31:in `call'
railties (5.1.1) lib/rails/rack/logger.rb:36:in `call_app'
railties (5.1.1) lib/rails/rack/logger.rb:24:in `block in call'
activesupport (5.1.1) lib/active_support/tagged_logging.rb:69:in `block in tagged'
activesupport (5.1.1) lib/active_support/tagged_logging.rb:26:in `tagged'
activesupport (5.1.1) lib/active_support/tagged_logging.rb:69:in `tagged'
railties (5.1.1) lib/rails/rack/logger.rb:24:in `call'
hyper-operation (0.5.8) lib/hyper-operation/transport/hyperloop_controller.rb:25:in `call'
sprockets-rails (3.2.0) lib/sprockets/rails/quiet_assets.rb:13:in `call'
actionpack (5.1.1) lib/action_dispatch/middleware/remote_ip.rb:79:in `call'
actionpack (5.1.1) lib/action_dispatch/middleware/request_id.rb:25:in `call'
rack (2.0.3) lib/rack/method_override.rb:22:in `call'
rack (2.0.3) lib/rack/runtime.rb:22:in `call'
activesupport (5.1.1) lib/active_support/cache/strategy/local_cache_middleware.rb:27:in `call'
actionpack (5.1.1) lib/action_dispatch/middleware/executor.rb:12:in `call'
actionpack (5.1.1) lib/action_dispatch/middleware/static.rb:125:in `call'
rack (2.0.3) lib/rack/sendfile.rb:111:in `call'
railties (5.1.1) lib/rails/engine.rb:522:in `call'
puma (3.9.1) lib/puma/configuration.rb:224:in `call'
puma (3.9.1) lib/puma/server.rb:602:in `handle_request'
puma (3.9.1) lib/puma/server.rb:435:in `process_client'
puma (3.9.1) lib/puma/server.rb:299:in `block in run'
puma (3.9.1) lib/puma/thread_pool.rb:120:in `block in spawn_thread'
Started GET "/" for 127.0.0.1 at 2017-06-18 09:09:32 -0700
Processing by HyperloopController#app as HTML
  Rendering inline template within layouts/application
  [1m[36mWaterManager Load (0.1ms)[0m  [1m[34mSELECT "water_managers".* FROM "water_managers"[0m
  [1m[36mWaterManager Load (0.4ms)[0m  [1m[34mSELECT  "water_managers".* FROM "water_managers" WHERE "water_managers"."id" = ? LIMIT ?[0m  [["id", 1], ["LIMIT", 1]]
  [1m[36mValve Load (0.2ms)[0m  [1m[34mSELECT "valves".* FROM "valves"[0m
  [1m[36mHyperloop::Connection Load (0.4ms)[0m  [1m[34mSELECT  "hyperloop_connections".* FROM "hyperloop_connections" WHERE "hyperloop_connections"."channel" = ? AND "hyperloop_connections"."session" = ? LIMIT ?[0m  [["channel", "Hyperloop::Application"], ["session", "140b9ace-4a03-4519-8fb6-06a978e54b7c-03a3a8433a41820be190acbe0e8601f1"], ["LIMIT", 1]]
  [1m[35m (0.1ms)[0m  [1m[36mbegin transaction[0m
  [1m[35mSQL (1.1ms)[0m  [1m[32mINSERT INTO "hyperloop_connections" ("channel", "session", "created_at", "expires_at") VALUES (?, ?, ?, ?)[0m  [["channel", "Hyperloop::Application"], ["session", "140b9ace-4a03-4519-8fb6-06a978e54b7c-03a3a8433a41820be190acbe0e8601f1"], ["created_at", "2017-06-18 16:09:45.137835"], ["expires_at", "2017-06-18 16:09:55.138035"]]
  [1m[35m (5.6ms)[0m  [1m[36mcommit transaction[0m
  Rendered inline template within layouts/application (2984.4ms)
Completed 200 OK in 5162ms (Views: 5161.8ms | ActiveRecord: 10.1ms)


Started POST "/hyperloop/hyperloop-action-cable-auth/140b9ace-4a03-4519-8fb6-06a978e54b7c-03a3a8433a41820be190acbe0e8601f1/private-synchromesh-Hyperloop::Application" for 127.0.0.1 at 2017-06-18 09:09:48 -0700
Processing by Hyperloop::HyperloopController#action_cable_auth as */*
  Parameters: {"client_id"=>"140b9ace-4a03-4519-8fb6-06a978e54b7c-03a3a8433a41820be190acbe0e8601f1", "channel_name"=>"private-synchromesh-Hyperloop::Application"}
Can't verify CSRF token authenticity.
Completed 200 OK in 2ms (Views: 0.6ms | ActiveRecord: 0.0ms)


Started GET "/cable" for 127.0.0.1 at 2017-06-18 09:09:48 -0700
Started GET "/cable/" [WebSocket] for 127.0.0.1 at 2017-06-18 09:09:48 -0700
Successfully upgraded to WebSocket (REQUEST_METHOD: GET, HTTP_CONNECTION: Upgrade, HTTP_UPGRADE: websocket)
Hyperloop::ActionCableChannel is transmitting the subscription confirmation
Hyperloop::ActionCableChannel is streaming from hyperloop-Hyperloop::Application
Started GET "/hyperloop/hyperloop-connect-to-transport/140b9ace-4a03-4519-8fb6-06a978e54b7c-03a3a8433a41820be190acbe0e8601f1/Hyperloop::Application" for 127.0.0.1 at 2017-06-18 09:09:48 -0700
Processing by Hyperloop::HyperloopController#connect_to_transport as */*
  Parameters: {"client_id"=>"140b9ace-4a03-4519-8fb6-06a978e54b7c-03a3a8433a41820be190acbe0e8601f1", "channel"=>"Hyperloop::Application"}
  [1m[36mHyperloop::Connection::QueuedMessage Load (0.3ms)[0m  [1m[34mSELECT  "hyperloop_queued_messages".* FROM "hyperloop_queued_messages" WHERE "hyperloop_queued_messages"."connection_id" = ? LIMIT ?[0m  [["connection_id", 0], ["LIMIT", 1]]
  [1m[35m (0.1ms)[0m  [1m[36mbegin transaction[0m
  [1m[35mSQL (0.2ms)[0m  [1m[32mINSERT INTO "hyperloop_queued_messages" ("connection_id") VALUES (?)[0m  [["connection_id", 0]]
  [1m[35m (5.5ms)[0m  [1m[36mcommit transaction[0m
  [1m[35m (0.0ms)[0m  [1m[36mbegin transaction[0m
  [1m[35mSQL (0.3ms)[0m  [1m[33mUPDATE "hyperloop_queued_messages" SET "data" = ? WHERE "hyperloop_queued_messages"."id" = ?[0m  [["data", "--- http://localhost:3000/hyperloop/\n...\n"], ["id", 1]]
  [1m[35m (3.2ms)[0m  [1m[36mcommit transaction[0m
  [1m[36mHyperloop::Connection Load (0.3ms)[0m  [1m[34mSELECT  "hyperloop_connections".* FROM "hyperloop_connections" WHERE "hyperloop_connections"."channel" = ? AND "hyperloop_connections"."session" = ? LIMIT ?[0m  [["channel", "Hyperloop::Application"], ["session", "140b9ace-4a03-4519-8fb6-06a978e54b7c-03a3a8433a41820be190acbe0e8601f1"], ["LIMIT", 1]]
  [1m[35m (0.2ms)[0m  [1m[34mSELECT "hyperloop_queued_messages"."data" FROM "hyperloop_queued_messages" WHERE (connection_id IS NULL OR connection_id != 0) AND "hyperloop_queued_messages"."connection_id" = ?[0m  [["connection_id", 1]]
  [1m[35m (0.0ms)[0m  [1m[36mbegin transaction[0m
  [1m[36mHyperloop::Connection::QueuedMessage Load (0.2ms)[0m  [1m[34mSELECT "hyperloop_queued_messages".* FROM "hyperloop_queued_messages" WHERE (connection_id IS NULL OR connection_id != 0) AND "hyperloop_queued_messages"."connection_id" = ?[0m  [["connection_id", 1]]
  [1m[35mSQL (0.2ms)[0m  [1m[31mDELETE FROM "hyperloop_connections" WHERE "hyperloop_connections"."id" = ?[0m  [["id", 1]]
  [1m[35m (5.8ms)[0m  [1m[36mcommit transaction[0m
  [1m[36mHyperloop::Connection Load (0.3ms)[0m  [1m[34mSELECT  "hyperloop_connections".* FROM "hyperloop_connections" WHERE "hyperloop_connections"."channel" = ? AND "hyperloop_connections"."session" IS NULL LIMIT ?[0m  [["channel", "Hyperloop::Application"], ["LIMIT", 1]]
  [1m[35m (0.1ms)[0m  [1m[36mbegin transaction[0m
  [1m[35mSQL (0.3ms)[0m  [1m[32mINSERT INTO "hyperloop_connections" ("channel", "created_at") VALUES (?, ?)[0m  [["channel", "Hyperloop::Application"], ["created_at", "2017-06-18 16:09:49.071843"]]
  [1m[35m (11.1ms)[0m  [1m[36mcommit transaction[0m
Completed 200 OK in 132ms (Views: 0.1ms | ActiveRecord: 28.5ms)


Started GET "/" for 127.0.0.1 at 2017-06-18 09:10:33 -0700
Processing by HyperloopController#app as HTML
  Rendering inline template within layouts/application
  [1m[36mWaterManager Load (0.1ms)[0m  [1m[34mSELECT "water_managers".* FROM "water_managers"[0m
  [1m[36mWaterManager Load (0.4ms)[0m  [1m[34mSELECT  "water_managers".* FROM "water_managers" WHERE "water_managers"."id" = ? LIMIT ?[0m  [["id", 1], ["LIMIT", 1]]
  [1m[36mValve Load (0.3ms)[0m  [1m[34mSELECT "valves".* FROM "valves"[0m
  [1m[36mValve Load (0.4ms)[0m  [1m[34mSELECT  "valves".* FROM "valves" WHERE "valves"."id" = ? LIMIT ?[0m  [["id", 1], ["LIMIT", 1]]
  [1m[36mValve Load (0.4ms)[0m  [1m[34mSELECT  "valves".* FROM "valves" WHERE "valves"."id" = ? LIMIT ?[0m  [["id", 2], ["LIMIT", 1]]
  [1m[36mValve Load (0.3ms)[0m  [1m[34mSELECT  "valves".* FROM "valves" WHERE "valves"."id" = ? LIMIT ?[0m  [["id", 3], ["LIMIT", 1]]
  [1m[36mValve Load (0.4ms)[0m  [1m[34mSELECT  "valves".* FROM "valves" WHERE "valves"."id" = ? LIMIT ?[0m  [["id", 4], ["LIMIT", 1]]
  [1m[36mValve Load (0.4ms)[0m  [1m[34mSELECT  "valves".* FROM "valves" WHERE "valves"."id" = ? LIMIT ?[0m  [["id", 5], ["LIMIT", 1]]
  [1m[36mHyperloop::Connection Load (0.4ms)[0m  [1m[34mSELECT  "hyperloop_connections".* FROM "hyperloop_connections" WHERE "hyperloop_connections"."channel" = ? AND "hyperloop_connections"."session" = ? LIMIT ?[0m  [["channel", "Hyperloop::Application"], ["session", "8c02716a-fd57-4a82-9d8d-f51bc24c8182-03a3a8433a41820be190acbe0e8601f1"], ["LIMIT", 1]]
  [1m[35m (0.0ms)[0m  [1m[36mbegin transaction[0m
  [1m[35mSQL (0.6ms)[0m  [1m[32mINSERT INTO "hyperloop_connections" ("channel", "session", "created_at", "expires_at") VALUES (?, ?, ?, ?)[0m  [["channel", "Hyperloop::Application"], ["session", "8c02716a-fd57-4a82-9d8d-f51bc24c8182-03a3a8433a41820be190acbe0e8601f1"], ["created_at", "2017-06-18 16:10:36.192488"], ["expires_at", "2017-06-18 16:10:46.192636"]]
  [1m[35m (5.8ms)[0m  [1m[36mcommit transaction[0m
  Rendered inline template within layouts/application (2477.8ms)
Completed 200 OK in 3387ms (Views: 3386.7ms | ActiveRecord: 10.4ms)


Started POST "/hyperloop/hyperloop-action-cable-auth/8c02716a-fd57-4a82-9d8d-f51bc24c8182-03a3a8433a41820be190acbe0e8601f1/private-synchromesh-Hyperloop::Application" for 127.0.0.1 at 2017-06-18 09:10:38 -0700
Processing by Hyperloop::HyperloopController#action_cable_auth as */*
  Parameters: {"client_id"=>"8c02716a-fd57-4a82-9d8d-f51bc24c8182-03a3a8433a41820be190acbe0e8601f1", "channel_name"=>"private-synchromesh-Hyperloop::Application"}
Can't verify CSRF token authenticity.
Completed 200 OK in 2ms (Views: 0.8ms | ActiveRecord: 0.0ms)


Started GET "/cable" for 127.0.0.1 at 2017-06-18 09:10:38 -0700
Started GET "/cable/" [WebSocket] for 127.0.0.1 at 2017-06-18 09:10:38 -0700
Successfully upgraded to WebSocket (REQUEST_METHOD: GET, HTTP_CONNECTION: Upgrade, HTTP_UPGRADE: websocket)
Hyperloop::ActionCableChannel is transmitting the subscription confirmation
Hyperloop::ActionCableChannel is streaming from hyperloop-Hyperloop::Application
Started GET "/hyperloop/hyperloop-connect-to-transport/8c02716a-fd57-4a82-9d8d-f51bc24c8182-03a3a8433a41820be190acbe0e8601f1/Hyperloop::Application" for 127.0.0.1 at 2017-06-18 09:10:38 -0700
Processing by Hyperloop::HyperloopController#connect_to_transport as */*
  Parameters: {"client_id"=>"8c02716a-fd57-4a82-9d8d-f51bc24c8182-03a3a8433a41820be190acbe0e8601f1", "channel"=>"Hyperloop::Application"}
  [1m[36mHyperloop::Connection::QueuedMessage Load (0.3ms)[0m  [1m[34mSELECT  "hyperloop_queued_messages".* FROM "hyperloop_queued_messages" WHERE "hyperloop_queued_messages"."connection_id" = ? LIMIT ?[0m  [["connection_id", 0], ["LIMIT", 1]]
  [1m[35m (0.0ms)[0m  [1m[36mbegin transaction[0m
  [1m[35m (0.0ms)[0m  [1m[36mcommit transaction[0m
  [1m[36mHyperloop::Connection Load (0.3ms)[0m  [1m[34mSELECT  "hyperloop_connections".* FROM "hyperloop_connections" WHERE "hyperloop_connections"."channel" = ? AND "hyperloop_connections"."session" = ? LIMIT ?[0m  [["channel", "Hyperloop::Application"], ["session", "8c02716a-fd57-4a82-9d8d-f51bc24c8182-03a3a8433a41820be190acbe0e8601f1"], ["LIMIT", 1]]
  [1m[35m (0.2ms)[0m  [1m[34mSELECT "hyperloop_queued_messages"."data" FROM "hyperloop_queued_messages" WHERE (connection_id IS NULL OR connection_id != 0) AND "hyperloop_queued_messages"."connection_id" = ?[0m  [["connection_id", 3]]
  [1m[35m (0.0ms)[0m  [1m[36mbegin transaction[0m
  [1m[36mHyperloop::Connection::QueuedMessage Load (0.4ms)[0m  [1m[34mSELECT "hyperloop_queued_messages".* FROM "hyperloop_queued_messages" WHERE (connection_id IS NULL OR connection_id != 0) AND "hyperloop_queued_messages"."connection_id" = ?[0m  [["connection_id", 3]]
  [1m[35mSQL (0.3ms)[0m  [1m[31mDELETE FROM "hyperloop_connections" WHERE "hyperloop_connections"."id" = ?[0m  [["id", 3]]
  [1m[35m (5.6ms)[0m  [1m[36mcommit transaction[0m
  [1m[36mHyperloop::Connection Load (0.4ms)[0m  [1m[34mSELECT  "hyperloop_connections".* FROM "hyperloop_connections" WHERE "hyperloop_connections"."channel" = ? AND "hyperloop_connections"."session" IS NULL LIMIT ?[0m  [["channel", "Hyperloop::Application"], ["LIMIT", 1]]
Completed 200 OK in 24ms (Views: 0.2ms | ActiveRecord: 7.7ms)


Started GET "/" for 127.0.0.1 at 2017-06-18 09:11:01 -0700
Processing by HyperloopController#app as HTML
  Rendering inline template within layouts/application
  [1m[36mWaterManager Load (0.1ms)[0m  [1m[34mSELECT "water_managers".* FROM "water_managers"[0m
  [1m[36mWaterManager Load (0.4ms)[0m  [1m[34mSELECT  "water_managers".* FROM "water_managers" WHERE "water_managers"."id" = ? LIMIT ?[0m  [["id", 1], ["LIMIT", 1]]
  [1m[36mValve Load (0.1ms)[0m  [1m[34mSELECT "valves".* FROM "valves"[0m
  [1m[36mValve Load (0.4ms)[0m  [1m[34mSELECT  "valves".* FROM "valves" WHERE "valves"."id" = ? LIMIT ?[0m  [["id", 1], ["LIMIT", 1]]
  [1m[36mValve Load (0.4ms)[0m  [1m[34mSELECT  "valves".* FROM "valves" WHERE "valves"."id" = ? LIMIT ?[0m  [["id", 2], ["LIMIT", 1]]
  [1m[36mValve Load (0.4ms)[0m  [1m[34mSELECT  "valves".* FROM "valves" WHERE "valves"."id" = ? LIMIT ?[0m  [["id", 3], ["LIMIT", 1]]
  [1m[36mValve Load (0.6ms)[0m  [1m[34mSELECT  "valves".* FROM "valves" WHERE "valves"."id" = ? LIMIT ?[0m  [["id", 4], ["LIMIT", 1]]
  [1m[36mValve Load (0.4ms)[0m  [1m[34mSELECT  "valves".* FROM "valves" WHERE "valves"."id" = ? LIMIT ?[0m  [["id", 5], ["LIMIT", 1]]
  [1m[36mSprinkle Load (0.3ms)[0m  [1m[34mSELECT "sprinkles".* FROM "sprinkles"[0m
  [1m[36mSprinkle Load (0.4ms)[0m  [1m[34mSELECT  "sprinkles".* FROM "sprinkles" WHERE "sprinkles"."id" = ? LIMIT ?[0m  [["id", 1], ["LIMIT", 1]]
  [1m[36mSprinkle Load (0.3ms)[0m  [1m[34mSELECT  "sprinkles".* FROM "sprinkles" WHERE "sprinkles"."id" = ? LIMIT ?[0m  [["id", 2], ["LIMIT", 1]]
  [1m[36mSprinkle Load (0.4ms)[0m  [1m[34mSELECT  "sprinkles".* FROM "sprinkles" WHERE "sprinkles"."id" = ? LIMIT ?[0m  [["id", 3], ["LIMIT", 1]]
  [1m[36mSprinkle Load (0.3ms)[0m  [1m[34mSELECT  "sprinkles".* FROM "sprinkles" WHERE "sprinkles"."id" = ? LIMIT ?[0m  [["id", 4], ["LIMIT", 1]]
  [1m[36mSprinkle Load (0.4ms)[0m  [1m[34mSELECT  "sprinkles".* FROM "sprinkles" WHERE "sprinkles"."id" = ? LIMIT ?[0m  [["id", 5], ["LIMIT", 1]]
  [1m[36mSprinkle Load (0.4ms)[0m  [1m[34mSELECT  "sprinkles".* FROM "sprinkles" WHERE "sprinkles"."id" = ? LIMIT ?[0m  [["id", 6], ["LIMIT", 1]]
  [1m[36mSprinkle Load (0.4ms)[0m  [1m[34mSELECT  "sprinkles".* FROM "sprinkles" WHERE "sprinkles"."id" = ? LIMIT ?[0m  [["id", 7], ["LIMIT", 1]]
  [1m[36mSprinkle Load (0.3ms)[0m  [1m[34mSELECT  "sprinkles".* FROM "sprinkles" WHERE "sprinkles"."id" = ? LIMIT ?[0m  [["id", 8], ["LIMIT", 1]]
  [1m[36mSprinkle Load (0.4ms)[0m  [1m[34mSELECT  "sprinkles".* FROM "sprinkles" WHERE "sprinkles"."id" = ? LIMIT ?[0m  [["id", 9], ["LIMIT", 1]]
  [1m[36mSprinkle Load (0.4ms)[0m  [1m[34mSELECT  "sprinkles".* FROM "sprinkles" WHERE "sprinkles"."id" = ? LIMIT ?[0m  [["id", 10], ["LIMIT", 1]]
  [1m[36mSprinkle Load (0.3ms)[0m  [1m[34mSELECT  "sprinkles".* FROM "sprinkles" WHERE "sprinkles"."id" = ? LIMIT ?[0m  [["id", 11], ["LIMIT", 1]]
  [1m[36mSprinkle Load (0.4ms)[0m  [1m[34mSELECT  "sprinkles".* FROM "sprinkles" WHERE "sprinkles"."id" = ? LIMIT ?[0m  [["id", 12], ["LIMIT", 1]]
  [1m[36mSprinkle Load (0.6ms)[0m  [1m[34mSELECT  "sprinkles".* FROM "sprinkles" WHERE "sprinkles"."id" = ? LIMIT ?[0m  [["id", 13], ["LIMIT", 1]]
  [1m[36mSprinkle Load (0.4ms)[0m  [1m[34mSELECT  "sprinkles".* FROM "sprinkles" WHERE "sprinkles"."id" = ? LIMIT ?[0m  [["id", 14], ["LIMIT", 1]]
  [1m[36mSprinkle Load (0.4ms)[0m  [1m[34mSELECT  "sprinkles".* FROM "sprinkles" WHERE "sprinkles"."id" = ? LIMIT ?[0m  [["id", 15], ["LIMIT", 1]]
  [1m[36mSprinkle Load (0.5ms)[0m  [1m[34mSELECT  "sprinkles".* FROM "sprinkles" WHERE "sprinkles"."id" = ? LIMIT ?[0m  [["id", 16], ["LIMIT", 1]]
  [1m[36mSprinkle Load (0.4ms)[0m  [1m[34mSELECT  "sprinkles".* FROM "sprinkles" WHERE "sprinkles"."id" = ? LIMIT ?[0m  [["id", 17], ["LIMIT", 1]]
  [1m[36mSprinkle Load (0.4ms)[0m  [1m[34mSELECT  "sprinkles".* FROM "sprinkles" WHERE "sprinkles"."id" = ? LIMIT ?[0m  [["id", 18], ["LIMIT", 1]]
  [1m[36mSprinkle Load (0.4ms)[0m  [1m[34mSELECT  "sprinkles".* FROM "sprinkles" WHERE "sprinkles"."id" = ? LIMIT ?[0m  [["id", 19], ["LIMIT", 1]]
  [1m[36mSprinkle Load (0.4ms)[0m  [1m[34mSELECT  "sprinkles".* FROM "sprinkles" WHERE "sprinkles"."id" = ? LIMIT ?[0m  [["id", 20], ["LIMIT", 1]]
  [1m[36mSprinkle Load (0.4ms)[0m  [1m[34mSELECT  "sprinkles".* FROM "sprinkles" WHERE "sprinkles"."id" = ? LIMIT ?[0m  [["id", 21], ["LIMIT", 1]]
  [1m[36mSprinkle Load (0.4ms)[0m  [1m[34mSELECT  "sprinkles".* FROM "sprinkles" WHERE "sprinkles"."id" = ? LIMIT ?[0m  [["id", 22], ["LIMIT", 1]]
  [1m[36mSprinkle Load (0.4ms)[0m  [1m[34mSELECT  "sprinkles".* FROM "sprinkles" WHERE "sprinkles"."id" = ? LIMIT ?[0m  [["id", 23], ["LIMIT", 1]]
  [1m[36mSprinkle Load (0.3ms)[0m  [1m[34mSELECT  "sprinkles".* FROM "sprinkles" WHERE "sprinkles"."id" = ? LIMIT ?[0m  [["id", 24], ["LIMIT", 1]]
  [1m[36mSprinkle Load (0.3ms)[0m  [1m[34mSELECT  "sprinkles".* FROM "sprinkles" WHERE "sprinkles"."id" = ? LIMIT ?[0m  [["id", 25], ["LIMIT", 1]]
  [1m[36mSprinkle Load (0.4ms)[0m  [1m[34mSELECT  "sprinkles".* FROM "sprinkles" WHERE "sprinkles"."id" = ? LIMIT ?[0m  [["id", 26], ["LIMIT", 1]]
  [1m[36mSprinkle Load (0.5ms)[0m  [1m[34mSELECT  "sprinkles".* FROM "sprinkles" WHERE "sprinkles"."id" = ? LIMIT ?[0m  [["id", 27], ["LIMIT", 1]]
  [1m[36mSprinkle Load (0.4ms)[0m  [1m[34mSELECT  "sprinkles".* FROM "sprinkles" WHERE "sprinkles"."id" = ? LIMIT ?[0m  [["id", 28], ["LIMIT", 1]]
  [1m[36mSprinkle Load (0.4ms)[0m  [1m[34mSELECT  "sprinkles".* FROM "sprinkles" WHERE "sprinkles"."id" = ? LIMIT ?[0m  [["id", 29], ["LIMIT", 1]]
  [1m[36mSprinkle Load (0.3ms)[0m  [1m[34mSELECT  "sprinkles".* FROM "sprinkles" WHERE "sprinkles"."id" = ? LIMIT ?[0m  [["id", 30], ["LIMIT", 1]]
  [1m[36mSprinkle Load (0.3ms)[0m  [1m[34mSELECT  "sprinkles".* FROM "sprinkles" WHERE "sprinkles"."id" = ? LIMIT ?[0m  [["id", 31], ["LIMIT", 1]]
  [1m[36mSprinkle Load (0.4ms)[0m  [1m[34mSELECT  "sprinkles".* FROM "sprinkles" WHERE "sprinkles"."id" = ? LIMIT ?[0m  [["id", 32], ["LIMIT", 1]]
  [1m[36mSprinkle Load (0.4ms)[0m  [1m[34mSELECT  "sprinkles".* FROM "sprinkles" WHERE "sprinkles"."id" = ? LIMIT ?[0m  [["id", 33], ["LIMIT", 1]]
  [1m[36mSprinkle Load (0.4ms)[0m  [1m[34mSELECT  "sprinkles".* FROM "sprinkles" WHERE "sprinkles"."id" = ? LIMIT ?[0m  [["id", 34], ["LIMIT", 1]]
  [1m[36mSprinkle Load (0.4ms)[0m  [1m[34mSELECT  "sprinkles".* FROM "sprinkles" WHERE "sprinkles"."id" = ? LIMIT ?[0m  [["id", 35], ["LIMIT", 1]]
  [1m[36mSprinkle Load (0.4ms)[0m  [1m[34mSELECT  "sprinkles".* FROM "sprinkles" WHERE "sprinkles"."id" = ? LIMIT ?[0m  [["id", 36], ["LIMIT", 1]]
  [1m[36mSprinkle Load (0.4ms)[0m  [1m[34mSELECT  "sprinkles".* FROM "sprinkles" WHERE "sprinkles"."id" = ? LIMIT ?[0m  [["id", 37], ["LIMIT", 1]]
  [1m[36mSprinkle Load (0.4ms)[0m  [1m[34mSELECT  "sprinkles".* FROM "sprinkles" WHERE "sprinkles"."id" = ? LIMIT ?[0m  [["id", 38], ["LIMIT", 1]]
  [1m[36mSprinkle Load (0.4ms)[0m  [1m[34mSELECT  "sprinkles".* FROM "sprinkles" WHERE "sprinkles"."id" = ? LIMIT ?[0m  [["id", 39], ["LIMIT", 1]]
  [1m[36mSprinkle Load (0.3ms)[0m  [1m[34mSELECT  "sprinkles".* FROM "sprinkles" WHERE "sprinkles"."id" = ? LIMIT ?[0m  [["id", 40], ["LIMIT", 1]]
  [1m[36mSprinkle Load (0.4ms)[0m  [1m[34mSELECT  "sprinkles".* FROM "sprinkles" WHERE "sprinkles"."id" = ? LIMIT ?[0m  [["id", 41], ["LIMIT", 1]]
  [1m[36mSprinkle Load (0.3ms)[0m  [1m[34mSELECT  "sprinkles".* FROM "sprinkles" WHERE "sprinkles"."id" = ? LIMIT ?[0m  [["id", 42], ["LIMIT", 1]]
  [1m[36mSprinkle Load (0.3ms)[0m  [1m[34mSELECT  "sprinkles".* FROM "sprinkles" WHERE "sprinkles"."id" = ? LIMIT ?[0m  [["id", 43], ["LIMIT", 1]]
  [1m[36mSprinkle Load (0.4ms)[0m  [1m[34mSELECT  "sprinkles".* FROM "sprinkles" WHERE "sprinkles"."id" = ? LIMIT ?[0m  [["id", 44], ["LIMIT", 1]]
  [1m[36mSprinkle Load (0.3ms)[0m  [1m[34mSELECT  "sprinkles".* FROM "sprinkles" WHERE "sprinkles"."id" = ? LIMIT ?[0m  [["id", 45], ["LIMIT", 1]]
  [1m[36mSprinkle Load (0.3ms)[0m  [1m[34mSELECT  "sprinkles".* FROM "sprinkles" WHERE "sprinkles"."id" = ? LIMIT ?[0m  [["id", 46], ["LIMIT", 1]]
  [1m[36mSprinkle Load (0.4ms)[0m  [1m[34mSELECT  "sprinkles".* FROM "sprinkles" WHERE "sprinkles"."id" = ? LIMIT ?[0m  [["id", 47], ["LIMIT", 1]]
  [1m[36mSprinkle Load (0.4ms)[0m  [1m[34mSELECT  "sprinkles".* FROM "sprinkles" WHERE "sprinkles"."id" = ? LIMIT ?[0m  [["id", 48], ["LIMIT", 1]]
  [1m[36mSprinkle Load (0.6ms)[0m  [1m[34mSELECT  "sprinkles".* FROM "sprinkles" WHERE "sprinkles"."id" = ? LIMIT ?[0m  [["id", 49], ["LIMIT", 1]]
  [1m[36mSprinkle Load (0.4ms)[0m  [1m[34mSELECT  "sprinkles".* FROM "sprinkles" WHERE "sprinkles"."id" = ? LIMIT ?[0m  [["id", 50], ["LIMIT", 1]]
  [1m[36mSprinkle Load (0.4ms)[0m  [1m[34mSELECT  "sprinkles".* FROM "sprinkles" WHERE "sprinkles"."id" = ? LIMIT ?[0m  [["id", 51], ["LIMIT", 1]]
  [1m[36mSprinkle Load (0.4ms)[0m  [1m[34mSELECT  "sprinkles".* FROM "sprinkles" WHERE "sprinkles"."id" = ? LIMIT ?[0m  [["id", 52], ["LIMIT", 1]]
  [1m[36mSprinkle Load (0.3ms)[0m  [1m[34mSELECT  "sprinkles".* FROM "sprinkles" WHERE "sprinkles"."id" = ? LIMIT ?[0m  [["id", 53], ["LIMIT", 1]]
  [1m[36mSprinkle Load (0.3ms)[0m  [1m[34mSELECT  "sprinkles".* FROM "sprinkles" WHERE "sprinkles"."id" = ? LIMIT ?[0m  [["id", 54], ["LIMIT", 1]]
  [1m[36mSprinkle Load (0.5ms)[0m  [1m[34mSELECT  "sprinkles".* FROM "sprinkles" WHERE "sprinkles"."id" = ? LIMIT ?[0m  [["id", 55], ["LIMIT", 1]]
  [1m[36mSprinkle Load (0.4ms)[0m  [1m[34mSELECT  "sprinkles".* FROM "sprinkles" WHERE "sprinkles"."id" = ? LIMIT ?[0m  [["id", 56], ["LIMIT", 1]]
  [1m[36mSprinkle Load (0.3ms)[0m  [1m[34mSELECT  "sprinkles".* FROM "sprinkles" WHERE "sprinkles"."id" = ? LIMIT ?[0m  [["id", 57], ["LIMIT", 1]]
  [1m[36mSprinkle Load (0.4ms)[0m  [1m[34mSELECT  "sprinkles".* FROM "sprinkles" WHERE "sprinkles"."id" = ? LIMIT ?[0m  [["id", 58], ["LIMIT", 1]]
  [1m[36mSprinkle Load (0.4ms)[0m  [1m[34mSELECT  "sprinkles".* FROM "sprinkles" WHERE "sprinkles"."id" = ? LIMIT ?[0m  [["id", 59], ["LIMIT", 1]]
  [1m[36mSprinkle Load (0.4ms)[0m  [1m[34mSELECT  "sprinkles".* FROM "sprinkles" WHERE "sprinkles"."id" = ? LIMIT ?[0m  [["id", 60], ["LIMIT", 1]]
  [1m[36mSprinkle Load (0.4ms)[0m  [1m[34mSELECT  "sprinkles".* FROM "sprinkles" WHERE "sprinkles"."id" = ? LIMIT ?[0m  [["id", 61], ["LIMIT", 1]]
  [1m[36mSprinkle Load (0.4ms)[0m  [1m[34mSELECT  "sprinkles".* FROM "sprinkles" WHERE "sprinkles"."id" = ? LIMIT ?[0m  [["id", 62], ["LIMIT", 1]]
  [1m[36mSprinkle Load (0.4ms)[0m  [1m[34mSELECT  "sprinkles".* FROM "sprinkles" WHERE "sprinkles"."id" = ? LIMIT ?[0m  [["id", 63], ["LIMIT", 1]]
  [1m[36mSprinkle Load (0.4ms)[0m  [1m[34mSELECT  "sprinkles".* FROM "sprinkles" WHERE "sprinkles"."id" = ? LIMIT ?[0m  [["id", 64], ["LIMIT", 1]]
  [1m[36mSprinkle Load (0.4ms)[0m  [1m[34mSELECT  "sprinkles".* FROM "sprinkles" WHERE "sprinkles"."id" = ? LIMIT ?[0m  [["id", 65], ["LIMIT", 1]]
  [1m[36mSprinkle Load (0.3ms)[0m  [1m[34mSELECT  "sprinkles".* FROM "sprinkles" WHERE "sprinkles"."id" = ? LIMIT ?[0m  [["id", 66], ["LIMIT", 1]]
  [1m[36mSprinkle Load (0.4ms)[0m  [1m[34mSELECT  "sprinkles".* FROM "sprinkles" WHERE "sprinkles"."id" = ? LIMIT ?[0m  [["id", 67], ["LIMIT", 1]]
  [1m[36mSprinkle Load (0.4ms)[0m  [1m[34mSELECT  "sprinkles".* FROM "sprinkles" WHERE "sprinkles"."id" = ? LIMIT ?[0m  [["id", 68], ["LIMIT", 1]]
  [1m[36mSprinkle Load (0.4ms)[0m  [1m[34mSELECT  "sprinkles".* FROM "sprinkles" WHERE "sprinkles"."id" = ? LIMIT ?[0m  [["id", 69], ["LIMIT", 1]]
  [1m[36mSprinkle Load (0.4ms)[0m  [1m[34mSELECT  "sprinkles".* FROM "sprinkles" WHERE "sprinkles"."id" = ? LIMIT ?[0m  [["id", 70], ["LIMIT", 1]]
  [1m[36mSprinkle Load (0.3ms)[0m  [1m[34mSELECT  "sprinkles".* FROM "sprinkles" WHERE "sprinkles"."id" = ? LIMIT ?[0m  [["id", 71], ["LIMIT", 1]]
  [1m[36mSprinkle Load (0.4ms)[0m  [1m[34mSELECT  "sprinkles".* FROM "sprinkles" WHERE "sprinkles"."id" = ? LIMIT ?[0m  [["id", 72], ["LIMIT", 1]]
  [1m[36mSprinkle Load (0.4ms)[0m  [1m[34mSELECT  "sprinkles".* FROM "sprinkles" WHERE "sprinkles"."id" = ? LIMIT ?[0m  [["id", 73], ["LIMIT", 1]]
  [1m[36mSprinkle Load (0.4ms)[0m  [1m[34mSELECT  "sprinkles".* FROM "sprinkles" WHERE "sprinkles"."id" = ? LIMIT ?[0m  [["id", 74], ["LIMIT", 1]]
  [1m[36mSprinkle Load (0.4ms)[0m  [1m[34mSELECT  "sprinkles".* FROM "sprinkles" WHERE "sprinkles"."id" = ? LIMIT ?[0m  [["id", 75], ["LIMIT", 1]]
  [1m[36mSprinkle Load (0.4ms)[0m  [1m[34mSELECT  "sprinkles".* FROM "sprinkles" WHERE "sprinkles"."id" = ? LIMIT ?[0m  [["id", 76], ["LIMIT", 1]]
  [1m[36mSprinkle Load (0.4ms)[0m  [1m[34mSELECT  "sprinkles".* FROM "sprinkles" WHERE "sprinkles"."id" = ? LIMIT ?[0m  [["id", 77], ["LIMIT", 1]]
  [1m[36mSprinkle Load (0.4ms)[0m  [1m[34mSELECT  "sprinkles".* FROM "sprinkles" WHERE "sprinkles"."id" = ? LIMIT ?[0m  [["id", 78], ["LIMIT", 1]]
  [1m[36mSprinkle Load (0.3ms)[0m  [1m[34mSELECT  "sprinkles".* FROM "sprinkles" WHERE "sprinkles"."id" = ? LIMIT ?[0m  [["id", 79], ["LIMIT", 1]]
  [1m[36mSprinkle Load (0.4ms)[0m  [1m[34mSELECT  "sprinkles".* FROM "sprinkles" WHERE "sprinkles"."id" = ? LIMIT ?[0m  [["id", 80], ["LIMIT", 1]]
  [1m[36mHistory Load (0.2ms)[0m  [1m[34mSELECT "histories".* FROM "histories"[0m
  [1m[36mHyperloop::Connection Load (0.4ms)[0m  [1m[34mSELECT  "hyperloop_connections".* FROM "hyperloop_connections" WHERE "hyperloop_connections"."channel" = ? AND "hyperloop_connections"."session" = ? LIMIT ?[0m  [["channel", "Hyperloop::Application"], ["session", "dd916895-8d27-4098-a2c3-7566ae2d3032-03a3a8433a41820be190acbe0e8601f1"], ["LIMIT", 1]]
  [1m[35m (0.0ms)[0m  [1m[36mbegin transaction[0m
  [1m[35mSQL (1.2ms)[0m  [1m[32mINSERT INTO "hyperloop_connections" ("channel", "session", "created_at", "expires_at") VALUES (?, ?, ?, ?)[0m  [["channel", "Hyperloop::Application"], ["session", "dd916895-8d27-4098-a2c3-7566ae2d3032-03a3a8433a41820be190acbe0e8601f1"], ["created_at", "2017-06-18 16:11:04.549285"], ["expires_at", "2017-06-18 16:11:14.549456"]]
  [1m[35m (5.4ms)[0m  [1m[36mcommit transaction[0m
Started GET "/cable" for 127.0.0.1 at 2017-06-18 09:11:08 -0700
  Rendered inline template within layouts/application (11586.0ms)
Completed 200 OK in 12585ms (Views: 12584.0ms | ActiveRecord: 41.7ms)


Started GET "/cable/" [WebSocket] for 127.0.0.1 at 2017-06-18 09:11:14 -0700
Started GET "/cable" for 127.0.0.1 at 2017-06-18 09:11:14 -0700
Successfully upgraded to WebSocket (REQUEST_METHOD: GET, HTTP_CONNECTION: Upgrade, HTTP_UPGRADE: websocket)
Started GET "/cable/" [WebSocket] for 127.0.0.1 at 2017-06-18 09:11:14 -0700
Successfully upgraded to WebSocket (REQUEST_METHOD: GET, HTTP_CONNECTION: Upgrade, HTTP_UPGRADE: websocket)
WebSocket error occurred: Broken pipe
WebSocket error occurred: Broken pipe
Finished "/cable/" [WebSocket] for 127.0.0.1 at 2017-06-18 09:11:14 -0700
Finished "/cable/" [WebSocket] for 127.0.0.1 at 2017-06-18 09:11:14 -0700
Started POST "/hyperloop/hyperloop-action-cable-auth/dd916895-8d27-4098-a2c3-7566ae2d3032-03a3a8433a41820be190acbe0e8601f1/private-synchromesh-Hyperloop::Application" for 127.0.0.1 at 2017-06-18 09:11:15 -0700
Processing by Hyperloop::HyperloopController#action_cable_auth as */*
  Parameters: {"client_id"=>"dd916895-8d27-4098-a2c3-7566ae2d3032-03a3a8433a41820be190acbe0e8601f1", "channel_name"=>"private-synchromesh-Hyperloop::Application"}
Can't verify CSRF token authenticity.
Completed 200 OK in 2ms (Views: 1.1ms)


Started GET "/cable" for 127.0.0.1 at 2017-06-18 09:11:16 -0700
Started GET "/cable/" [WebSocket] for 127.0.0.1 at 2017-06-18 09:11:16 -0700
Successfully upgraded to WebSocket (REQUEST_METHOD: GET, HTTP_CONNECTION: Upgrade, HTTP_UPGRADE: websocket)
Hyperloop::ActionCableChannel is transmitting the subscription confirmation
Hyperloop::ActionCableChannel is streaming from hyperloop-Hyperloop::Application
Started GET "/hyperloop/hyperloop-connect-to-transport/dd916895-8d27-4098-a2c3-7566ae2d3032-03a3a8433a41820be190acbe0e8601f1/Hyperloop::Application" for 127.0.0.1 at 2017-06-18 09:11:16 -0700
Processing by Hyperloop::HyperloopController#connect_to_transport as */*
  Parameters: {"client_id"=>"dd916895-8d27-4098-a2c3-7566ae2d3032-03a3a8433a41820be190acbe0e8601f1", "channel"=>"Hyperloop::Application"}
  [1m[36mHyperloop::Connection::QueuedMessage Load (0.3ms)[0m  [1m[34mSELECT  "hyperloop_queued_messages".* FROM "hyperloop_queued_messages" WHERE "hyperloop_queued_messages"."connection_id" = ? LIMIT ?[0m  [["connection_id", 0], ["LIMIT", 1]]
  [1m[35m (0.0ms)[0m  [1m[36mbegin transaction[0m
  [1m[35m (0.0ms)[0m  [1m[36mcommit transaction[0m
  [1m[36mHyperloop::Connection Load (0.5ms)[0m  [1m[34mSELECT  "hyperloop_connections".* FROM "hyperloop_connections" WHERE "hyperloop_connections"."channel" = ? AND "hyperloop_connections"."session" = ? LIMIT ?[0m  [["channel", "Hyperloop::Application"], ["session", "dd916895-8d27-4098-a2c3-7566ae2d3032-03a3a8433a41820be190acbe0e8601f1"], ["LIMIT", 1]]
  [1m[35m (0.2ms)[0m  [1m[34mSELECT "hyperloop_queued_messages"."data" FROM "hyperloop_queued_messages" WHERE (connection_id IS NULL OR connection_id != 0) AND "hyperloop_queued_messages"."connection_id" = ?[0m  [["connection_id", 4]]
  [1m[35m (0.0ms)[0m  [1m[36mbegin transaction[0m
  [1m[36mHyperloop::Connection::QueuedMessage Load (0.2ms)[0m  [1m[34mSELECT "hyperloop_queued_messages".* FROM "hyperloop_queued_messages" WHERE (connection_id IS NULL OR connection_id != 0) AND "hyperloop_queued_messages"."connection_id" = ?[0m  [["connection_id", 4]]
  [1m[35mSQL (0.3ms)[0m  [1m[31mDELETE FROM "hyperloop_connections" WHERE "hyperloop_connections"."id" = ?[0m  [["id", 4]]
  [1m[35m (5.9ms)[0m  [1m[36mcommit transaction[0m
  [1m[36mHyperloop::Connection Load (0.3ms)[0m  [1m[34mSELECT  "hyperloop_connections".* FROM "hyperloop_connections" WHERE "hyperloop_connections"."channel" = ? AND "hyperloop_connections"."session" IS NULL LIMIT ?[0m  [["channel", "Hyperloop::Application"], ["LIMIT", 1]]
Completed 200 OK in 29ms (Views: 0.1ms | ActiveRecord: 8.1ms)


  [1m[36mHistory Load (0.2ms)[0m  [1m[34mSELECT  "histories".* FROM "histories" LIMIT ?[0m  [["LIMIT", 11]]
  [1m[35m (0.0ms)[0m  [1m[36mbegin transaction[0m
  [1m[35mSQL (0.6ms)[0m  [1m[32mINSERT INTO "histories" ("start_time", "stop_time", "valve_id", "created_at", "updated_at") VALUES (?, ?, ?, ?, ?)[0m  [["start_time", "2017-06-18 16:14:33.026112"], ["stop_time", "2017-06-18 18:01:13.026115"], ["valve_id", 1], ["created_at", "2017-06-18 16:14:33.037516"], ["updated_at", "2017-06-18 16:14:33.037516"]]
  [1m[35m (5.4ms)[0m  [1m[36mcommit transaction[0m
  [1m[35m (0.1ms)[0m  [1m[34mSELECT "hyperloop_connections"."channel" FROM "hyperloop_connections"[0m
  [1m[36mHyperloop::Connection::QueuedMessage Load (0.2ms)[0m  [1m[34mSELECT  "hyperloop_queued_messages".* FROM "hyperloop_queued_messages" WHERE "hyperloop_queued_messages"."connection_id" = ? LIMIT ?[0m  [["connection_id", 0], ["LIMIT", 1]]
  [1m[36mHyperloop::Connection::QueuedMessage Load (0.2ms)[0m  [1m[34mSELECT  "hyperloop_queued_messages".* FROM "hyperloop_queued_messages" WHERE "hyperloop_queued_messages"."connection_id" = ? LIMIT ?[0m  [["connection_id", 0], ["LIMIT", 1]]
  [1m[36mHyperloop::Connection::QueuedMessage Load (0.2ms)[0m  [1m[34mSELECT  "hyperloop_queued_messages".* FROM "hyperloop_queued_messages" WHERE "hyperloop_queued_messages"."connection_id" = ? LIMIT ?[0m  [["connection_id", 0], ["LIMIT", 1]]
Started POST "/hyperloop/execute_remote_api" for 127.0.0.1 at 2017-06-18 09:14:33 -0700
Processing by Hyperloop::HyperloopController#execute_remote_api as */*
  Parameters: {"operation"=>"ReactiveRecord::Broadcast::SendPacket", "params"=>{"broadcast_id"=>"100373640-1497802473.0488412", "channels"=>["Hyperloop::Application"], "klass"=>"History", "channel"=>"Hyperloop::Application", "record"=>{"id"=>1, "start_time"=>"2017-06-18T16:14:33.026Z", "stop_time"=>"2017-06-18T18:01:13.026Z", "valve_id"=>1, "created_at"=>"2017-06-18T16:14:33.037Z", "updated_at"=>"2017-06-18T16:14:33.037Z"}, "previous_changes"=>{"id"=>[1], "start_time"=>["2017-06-18T16:14:33.026Z"], "stop_time"=>["2017-06-18T18:01:13.026Z"], "valve_id"=>[1], "created_at"=>["2017-06-18T16:14:33.037Z"], "updated_at"=>["2017-06-18T16:14:33.037Z"]}, "operation"=>"create", "salt"=>"4b7835386198aeb5ef4d1f447fb6bce9", "authorization"=>"09fb47221dab81264f9684795d657ebe79259f35"}, "hyperloop"=>{"operation"=>"ReactiveRecord::Broadcast::SendPacket", "params"=>{"broadcast_id"=>"100373640-1497802473.0488412", "channels"=>["Hyperloop::Application"], "klass"=>"History", "channel"=>"Hyperloop::Application", "record"=>{"id"=>1, "start_time"=>"2017-06-18T16:14:33.026Z", "stop_time"=>"2017-06-18T18:01:13.026Z", "valve_id"=>1, "created_at"=>"2017-06-18T16:14:33.037Z", "updated_at"=>"2017-06-18T16:14:33.037Z"}, "previous_changes"=>{"id"=>[1], "start_time"=>["2017-06-18T16:14:33.026Z"], "stop_time"=>["2017-06-18T18:01:13.026Z"], "valve_id"=>[1], "created_at"=>["2017-06-18T16:14:33.037Z"], "updated_at"=>["2017-06-18T16:14:33.037Z"]}, "operation"=>"create", "salt"=>"4b7835386198aeb5ef4d1f447fb6bce9", "authorization"=>"09fb47221dab81264f9684795d657ebe79259f35"}}}
  [1m[36mHyperloop::Connection Load (0.2ms)[0m  [1m[34mSELECT "hyperloop_connections".* FROM "hyperloop_connections" WHERE "hyperloop_connections"."channel" = ? AND (session IS NOT NULL)[0m  [["channel", "Hyperloop::Application"]]
  [1m[36mHyperloop::Connection Exists (0.2ms)[0m  [1m[34mSELECT  1 AS one FROM "hyperloop_connections" WHERE "hyperloop_connections"."channel" = ? AND "hyperloop_connections"."session" IS NULL LIMIT ?[0m  [["channel", "Hyperloop::Application"], ["LIMIT", 1]]
[ActionCable] Broadcasting to hyperloop-Hyperloop::Application: {:message=>:dispatch, :data=>{:channel=>"Hyperloop::Application", :operation=>"ReactiveRecord::Broadcast::SendPacket", :params=>{"operation"=>"create", "broadcast_id"=>"100373640-1497802473.0488412", "channel"=>"Hyperloop::Application", "channels"=>["Hyperloop::Application"], "klass"=>"History", "record"=>{"id"=>1, "start_time"=>"2017-06-18T16:14:33.026Z", "stop_time"=>"2017-06-18T18:01:13.026Z", "valve_id"=>1, "created_at"=>"2017-06-18T16:14:33.037Z", "updated_at"=>"2017-06-18T16:14:33.037Z"}, "previous_changes"=>{"id"=>[1], "start_time"=>["2017-06-18T16:14:33.026Z"], "stop_time"=>["2017-06-18T18:01:13.026Z"], "valve_id"=>[1], "created_at"=>["2017-06-18T16:14:33.037Z"], "updated_at"=>["2017-06-18T16:14:33.037Z"]}, "authorization"=>"09fb47221dab81264f9684795d657ebe79259f35", "salt"=>"4b7835386198aeb5ef4d1f447fb6bce9"}}}
Completed 200 OK in 17ms (Views: 0.5ms | ActiveRecord: 0.4ms)


Hyperloop::ActionCableChannel transmitting {"message"=>"dispatch", "data"=>{"channel"=>"Hyperloop::Application", "operation"=>"ReactiveRecord::Broadcast::SendPacket", "params"=>{"operation"=>"create", "broadcast_id"=>"100373640-1497802473.0488412", "channel"=>"Hyperloop::Application", "channels"=>["Hyperloop::Application"], "klass"=>"Hist... (via streamed from hyperloop-Hyperloop::Application)
  [1m[35m (0.2ms)[0m  [1m[36mbegin transaction[0m
  [1m[35mSQL (0.5ms)[0m  [1m[32mINSERT INTO "histories" ("start_time", "stop_time", "valve_id", "created_at", "updated_at") VALUES (?, ?, ?, ?, ?)[0m  [["start_time", "2017-06-18 16:15:14.691136"], ["stop_time", "2017-06-18 18:01:54.691139"], ["valve_id", 2], ["created_at", "2017-06-18 16:15:14.692793"], ["updated_at", "2017-06-18 16:15:14.692793"]]
  [1m[35m (5.3ms)[0m  [1m[36mcommit transaction[0m
  [1m[35m (0.1ms)[0m  [1m[34mSELECT "hyperloop_connections"."channel" FROM "hyperloop_connections"[0m
  [1m[36mHyperloop::Connection::QueuedMessage Load (0.2ms)[0m  [1m[34mSELECT  "hyperloop_queued_messages".* FROM "hyperloop_queued_messages" WHERE "hyperloop_queued_messages"."connection_id" = ? LIMIT ?[0m  [["connection_id", 0], ["LIMIT", 1]]
  [1m[36mHyperloop::Connection::QueuedMessage Load (0.2ms)[0m  [1m[34mSELECT  "hyperloop_queued_messages".* FROM "hyperloop_queued_messages" WHERE "hyperloop_queued_messages"."connection_id" = ? LIMIT ?[0m  [["connection_id", 0], ["LIMIT", 1]]
  [1m[36mHyperloop::Connection::QueuedMessage Load (0.2ms)[0m  [1m[34mSELECT  "hyperloop_queued_messages".* FROM "hyperloop_queued_messages" WHERE "hyperloop_queued_messages"."connection_id" = ? LIMIT ?[0m  [["connection_id", 0], ["LIMIT", 1]]
Started POST "/hyperloop/execute_remote_api" for 127.0.0.1 at 2017-06-18 09:15:14 -0700
Processing by Hyperloop::HyperloopController#execute_remote_api as */*
  Parameters: {"operation"=>"ReactiveRecord::Broadcast::SendPacket", "params"=>{"broadcast_id"=>"97492280-1497802514.701025", "channels"=>["Hyperloop::Application"], "klass"=>"History", "channel"=>"Hyperloop::Application", "record"=>{"id"=>2, "start_time"=>"2017-06-18T16:15:14.691Z", "stop_time"=>"2017-06-18T18:01:54.691Z", "valve_id"=>2, "created_at"=>"2017-06-18T16:15:14.692Z", "updated_at"=>"2017-06-18T16:15:14.692Z"}, "previous_changes"=>{"id"=>[2], "start_time"=>["2017-06-18T16:15:14.691Z"], "stop_time"=>["2017-06-18T18:01:54.691Z"], "valve_id"=>[2], "created_at"=>["2017-06-18T16:15:14.692Z"], "updated_at"=>["2017-06-18T16:15:14.692Z"]}, "operation"=>"create", "salt"=>"bdcfdf16c014e3583f70865457b942d9", "authorization"=>"ceba161e4065a4cff7a208f2265c62e2f09022da"}, "hyperloop"=>{"operation"=>"ReactiveRecord::Broadcast::SendPacket", "params"=>{"broadcast_id"=>"97492280-1497802514.701025", "channels"=>["Hyperloop::Application"], "klass"=>"History", "channel"=>"Hyperloop::Application", "record"=>{"id"=>2, "start_time"=>"2017-06-18T16:15:14.691Z", "stop_time"=>"2017-06-18T18:01:54.691Z", "valve_id"=>2, "created_at"=>"2017-06-18T16:15:14.692Z", "updated_at"=>"2017-06-18T16:15:14.692Z"}, "previous_changes"=>{"id"=>[2], "start_time"=>["2017-06-18T16:15:14.691Z"], "stop_time"=>["2017-06-18T18:01:54.691Z"], "valve_id"=>[2], "created_at"=>["2017-06-18T16:15:14.692Z"], "updated_at"=>["2017-06-18T16:15:14.692Z"]}, "operation"=>"create", "salt"=>"bdcfdf16c014e3583f70865457b942d9", "authorization"=>"ceba161e4065a4cff7a208f2265c62e2f09022da"}}}
  [1m[36mHyperloop::Connection Load (0.2ms)[0m  [1m[34mSELECT "hyperloop_connections".* FROM "hyperloop_connections" WHERE "hyperloop_connections"."channel" = ? AND (session IS NOT NULL)[0m  [["channel", "Hyperloop::Application"]]
  [1m[36mHyperloop::Connection Exists (0.3ms)[0m  [1m[34mSELECT  1 AS one FROM "hyperloop_connections" WHERE "hyperloop_connections"."channel" = ? AND "hyperloop_connections"."session" IS NULL LIMIT ?[0m  [["channel", "Hyperloop::Application"], ["LIMIT", 1]]
[ActionCable] Broadcasting to hyperloop-Hyperloop::Application: {:message=>:dispatch, :data=>{:channel=>"Hyperloop::Application", :operation=>"ReactiveRecord::Broadcast::SendPacket", :params=>{"operation"=>"create", "broadcast_id"=>"97492280-1497802514.701025", "channel"=>"Hyperloop::Application", "channels"=>["Hyperloop::Application"], "klass"=>"History", "record"=>{"id"=>2, "start_time"=>"2017-06-18T16:15:14.691Z", "stop_time"=>"2017-06-18T18:01:54.691Z", "valve_id"=>2, "created_at"=>"2017-06-18T16:15:14.692Z", "updated_at"=>"2017-06-18T16:15:14.692Z"}, "previous_changes"=>{"id"=>[2], "start_time"=>["2017-06-18T16:15:14.691Z"], "stop_time"=>["2017-06-18T18:01:54.691Z"], "valve_id"=>[2], "created_at"=>["2017-06-18T16:15:14.692Z"], "updated_at"=>["2017-06-18T16:15:14.692Z"]}, "authorization"=>"ceba161e4065a4cff7a208f2265c62e2f09022da", "salt"=>"bdcfdf16c014e3583f70865457b942d9"}}}
Hyperloop::ActionCableChannel transmitting {"message"=>"dispatch", "data"=>{"channel"=>"Hyperloop::Application", "operation"=>"ReactiveRecord::Broadcast::SendPacket", "params"=>{"operation"=>"create", "broadcast_id"=>"97492280-1497802514.701025", "channel"=>"Hyperloop::Application", "channels"=>["Hyperloop::Application"], "klass"=>"Histor... (via streamed from hyperloop-Hyperloop::Application)
Completed 200 OK in 20ms (Views: 0.4ms | ActiveRecord: 0.5ms)


